<?xml version="1.0" encoding="UTF-8"?>
<testng-results ignored="0" total="2" passed="2" failed="0" skipped="0">
  <reporter-output>
  </reporter-output>
  <suite started-at="2024-06-03T21:08:38 BDT" name="Default suite" finished-at="2024-06-03T21:08:54 BDT" duration-ms="16395">
    <groups>
    </groups>
    <test started-at="2024-06-03T21:08:38 BDT" name="Default test" finished-at="2024-06-03T21:08:54 BDT" duration-ms="16395">
      <class name="packageFive.FifthTestCase">
        <test-method is-config="true" signature="Init()[pri:0, instance:packageFive.FifthTestCase@279fedbd]" started-at="2024-06-03T21:08:38 BDT" name="Init" finished-at="2024-06-03T21:08:53 BDT" duration-ms="15093" status="PASS">
          <reporter-output>
          </reporter-output>
        </test-method> <!-- Init -->
        <test-method signature="login()[pri:0, instance:packageFive.FifthTestCase@279fedbd]" started-at="2024-06-03T21:08:53 BDT" name="login" finished-at="2024-06-03T21:08:54 BDT" duration-ms="421" status="PASS">
          <reporter-output>
          </reporter-output>
        </test-method> <!-- login -->
        <test-method signature="page1()[pri:0, instance:packageFive.FifthTestCase@279fedbd]" started-at="2024-06-03T21:08:54 BDT" name="page1" finished-at="2024-06-03T21:08:54 BDT" duration-ms="521" status="PASS">
          <reporter-output>
          </reporter-output>
        </test-method> <!-- page1 -->
      </class> <!-- packageFive.FifthTestCase -->
    </test> <!-- Default test -->
  </suite> <!-- Default suite -->
</testng-results>
